[    0.000000] Linux version 4.15.0-189-generic (buildd@lcy02-amd64-039) (gcc version 7.5.0 (Ubuntu 7.5.0-3ubuntu1~18.04)) #200-Ubuntu SMP Wed Jun 22 19:53:37 UTC 2022 (Ubuntu 4.15.0-189.200-generic 4.15.18)
[    0.000000] Command line: BOOT_IMAGE=/boot/vmlinuz-4.15.0-189-generic root=LABEL=cloudimg-rootfs ro console=tty1 console=ttyS0
[    0.000000] KERNEL supported cpus:
[    0.000000]   Intel GenuineIntel
[    0.000000]   AMD AuthenticAMD
[    0.000000]   Centaur CentaurHauls
[    0.000000] x86/fpu: Supporting XSAVE feature 0x001: 'x87 floating point registers'
[    0.000000] x86/fpu: Supporting XSAVE feature 0x002: 'SSE registers'
[    0.000000] x86/fpu: Supporting XSAVE feature 0x004: 'AVX registers'
[    0.000000] x86/fpu: xstate_offset[2]:  576, xstate_sizes[2]:  256
[    0.000000] x86/fpu: Enabled xstate features 0x7, context size is 832 bytes, using 'standard' format.
[    0.000000] e820: BIOS-provided physical RAM map:
[    0.000000] BIOS-e820: [mem 0x0000000000000000-0x000000000009fbff] usable
[    0.000000] BIOS-e820: [mem 0x000000000009fc00-0x000000000009ffff] reserved
[    0.000000] BIOS-e820: [mem 0x00000000000f0000-0x00000000000fffff] reserved
[    0.000000] BIOS-e820: [mem 0x0000000000100000-0x000000001ffeffff] usable
[    0.000000] BIOS-e820: [mem 0x000000001fff0000-0x000000001fffffff] ACPI data
[    0.000000] BIOS-e820: [mem 0x00000000fec00000-0x00000000fec00fff] reserved
[    0.000000] BIOS-e820: [mem 0x00000000fee00000-0x00000000fee00fff] reserved
[    0.000000] BIOS-e820: [mem 0x00000000fffc0000-0x00000000ffffffff] reserved
[    0.000000] NX (Execute Disable) protection: active
[    0.000000] SMBIOS 2.5 present.
[    0.000000] DMI: innotek GmbH VirtualBox/VirtualBox, BIOS VirtualBox 12/01/2006
[    0.000000] Hypervisor detected: KVM
[    0.000000] e820: last_pfn = 0x1fff0 max_arch_pfn = 0x400000000
[    0.000000] MTRR: Disabled
[    0.000000] x86/PAT: MTRRs disabled, skipping PAT initialization too.
[    0.000000] CPU MTRRs all blank - virtualized system.
[    0.000000] x86/PAT: Configuration [0-7]: WB  WT  UC- UC  WB  WT  UC- UC  
[    0.000000] found SMP MP-table at [mem 0x0009fff0-0x0009ffff]
[    0.000000] Scanning 1 areas for low memory corruption
[    0.000000] RAMDISK: [mem 0x1dadc000-0x1edeefff]
[    0.000000] ACPI: Early table checksum verification disabled
[    0.000000] ACPI: RSDP 0x00000000000E0000 000024 (v02 VBOX  )
[    0.000000] ACPI: XSDT 0x000000001FFF0030 00003C (v01 VBOX   VBOXXSDT 00000001 ASL  00000061)
[    0.000000] ACPI: FACP 0x000000001FFF00F0 0000F4 (v04 VBOX   VBOXFACP 00000001 ASL  00000061)
[    0.000000] ACPI: DSDT 0x000000001FFF0470 002325 (v02 VBOX   VBOXBIOS 00000002 INTL 20200925)
[    0.000000] ACPI: FACS 0x000000001FFF0200 000040
[    0.000000] ACPI: FACS 0x000000001FFF0200 000040
[    0.000000] ACPI: APIC 0x000000001FFF0240 000054 (v02 VBOX   VBOXAPIC 00000001 ASL  00000061)
[    0.000000] ACPI: SSDT 0x000000001FFF02A0 0001CC (v01 VBOX   VBOXCPUT 00000002 INTL 20200925)
[    0.000000] ACPI: Reserving FACP table memory at [mem 0x1fff00f0-0x1fff01e3]
[    0.000000] ACPI: Reserving DSDT table memory at [mem 0x1fff0470-0x1fff2794]
[    0.000000] ACPI: Reserving FACS table memory at [mem 0x1fff0200-0x1fff023f]
[    0.000000] ACPI: Reserving FACS table memory at [mem 0x1fff0200-0x1fff023f]
[    0.000000] ACPI: Reserving APIC table memory at [mem 0x1fff0240-0x1fff0293]
[    0.000000] ACPI: Reserving SSDT table memory at [mem 0x1fff02a0-0x1fff046b]
[    0.000000] No NUMA configuration found
[    0.000000] Faking a node at [mem 0x0000000000000000-0x000000001ffeffff]
[    0.000000] NODE_DATA(0) allocated [mem 0x1ffc5000-0x1ffeffff]
[    0.000000] kvm-clock: cpu 0, msr 0:1ff44001, primary cpu clock
[    0.000000] kvm-clock: Using msrs 4b564d01 and 4b564d00
[    0.000000] kvm-clock: using sched offset of 3513529935 cycles
[    0.000000] clocksource: kvm-clock: mask: 0xffffffffffffffff max_cycles: 0x1cd42e4dffb, max_idle_ns: 881590591483 ns
[    0.000000] Zone ranges:
[    0.000000]   DMA      [mem 0x0000000000001000-0x0000000000ffffff]
[    0.000000]   DMA32    [mem 0x0000000001000000-0x000000001ffeffff]
[    0.000000]   Normal   empty
[    0.000000]   Device   empty
[    0.000000] Movable zone start for each node
[    0.000000] Early memory node ranges
[    0.000000]   node   0: [mem 0x0000000000001000-0x000000000009efff]
[    0.000000]   node   0: [mem 0x0000000000100000-0x000000001ffeffff]
[    0.000000] Reserved but unavailable: 104 pages
[    0.000000] Initmem setup node 0 [mem 0x0000000000001000-0x000000001ffeffff]
[    0.000000] ACPI: PM-Timer IO Port: 0x4008
[    0.000000] IOAPIC[0]: apic_id 1, version 32, address 0xfec00000, GSI 0-23
[    0.000000] ACPI: INT_SRC_OVR (bus 0 bus_irq 0 global_irq 2 dfl dfl)
[    0.000000] ACPI: INT_SRC_OVR (bus 0 bus_irq 9 global_irq 9 low level)
[    0.000000] Using ACPI (MADT) for SMP configuration information
[    0.000000] smpboot: Allowing 1 CPUs, 0 hotplug CPUs
[    0.000000] PM: Registered nosave memory: [mem 0x00000000-0x00000fff]
[    0.000000] PM: Registered nosave memory: [mem 0x0009f000-0x0009ffff]
[    0.000000] PM: Registered nosave memory: [mem 0x000a0000-0x000effff]
[    0.000000] PM: Registered nosave memory: [mem 0x000f0000-0x000fffff]
[    0.000000] e820: [mem 0x20000000-0xfebfffff] available for PCI devices
[    0.000000] Booting paravirtualized kernel on KVM
[    0.000000] clocksource: refined-jiffies: mask: 0xffffffff max_cycles: 0xffffffff, max_idle_ns: 7645519600211568 ns
[    0.000000] random: get_random_bytes called from start_kernel+0x99/0x500 with crng_init=0
[    0.000000] setup_percpu: NR_CPUS:8192 nr_cpumask_bits:1 nr_cpu_ids:1 nr_node_ids:1
[    0.000000] percpu: Embedded 50 pages/cpu s167936 r8192 d28672 u2097152
[    0.000000] PV qspinlock hash table entries: 256 (order: 0, 4096 bytes)
[    0.000000] Built 1 zonelists, mobility grouping on.  Total pages: 128889
[    0.000000] Policy zone: DMA32
[    0.000000] Kernel command line: BOOT_IMAGE=/boot/vmlinuz-4.15.0-189-generic root=LABEL=cloudimg-rootfs ro console=tty1 console=ttyS0
[    0.000000] Memory: 466748K/523832K available (12300K kernel code, 2484K rwdata, 4324K rodata, 2468K init, 2724K bss, 57084K reserved, 0K cma-reserved)
[    0.000000] SLUB: HWalign=64, Order=0-3, MinObjects=0, CPUs=1, Nodes=1
[    0.000000] Kernel/User page tables isolation: enabled
[    0.000000] ftrace: allocating 39515 entries in 155 pages
[    0.004000] Hierarchical RCU implementation.
[    0.004000] 	RCU restricting CPUs from NR_CPUS=8192 to nr_cpu_ids=1.
[    0.004000] 	Tasks RCU enabled.
[    0.004000] RCU: Adjusting geometry for rcu_fanout_leaf=16, nr_cpu_ids=1
[    0.004000] NR_IRQS: 524544, nr_irqs: 256, preallocated irqs: 16
[    0.004000] Console: colour VGA+ 80x25
[    0.004000] console [tty1] enabled
[    0.004000] console [ttyS0] enabled
[    0.004000] ACPI: Core revision 20170831
[    0.004000] ACPI: 2 ACPI AML tables successfully acquired and loaded
[    0.004000] APIC: Switch to symmetric I/O mode setup
[    0.004000] x2apic enabled
[    0.004008] Switched APIC routing to physical x2apic.
[    0.005392] ..TIMER: vector=0x30 apic1=0 pin1=2 apic2=-1 pin2=-1
[    0.008005] tsc: Detected 2999.998 MHz processor
[    0.008895] Calibrating delay loop (skipped) preset value.. 5999.99 BogoMIPS (lpj=11999992)
[    0.012010] pid_max: default: 32768 minimum: 301
[    0.012847] Security Framework initialized
[    0.013564] Yama: becoming mindful.
[    0.014168] AppArmor: AppArmor initialized
[    0.015029] Dentry cache hash table entries: 65536 (order: 7, 524288 bytes)
[    0.016648] Inode-cache hash table entries: 32768 (order: 6, 262144 bytes)
[    0.017585] Mount-cache hash table entries: 1024 (order: 1, 8192 bytes)
[    0.018373] Mountpoint-cache hash table entries: 1024 (order: 1, 8192 bytes)
[    0.020342] process: using mwait in idle threads
[    0.021037] Last level iTLB entries: 4KB 128, 2MB 8, 4MB 8
[    0.021733] Last level dTLB entries: 4KB 64, 2MB 0, 4MB 0, 1GB 4
[    0.022459] Spectre V1 : Mitigation: usercopy/swapgs barriers and __user pointer sanitization
[    0.023486] Spectre V2 : Mitigation: Retpolines
[    0.024008] Spectre V2 : Spectre v2 / SpectreRSB mitigation: Filling RSB on context switch
[    0.024986] Speculative Store Bypass: Vulnerable
[    0.025759] MDS: Mitigation: Clear CPU buffers
[    0.026330] MMIO Stale Data: Mitigation: Clear CPU buffers
[    0.027105] SRBDS: Unknown: Dependent on hypervisor status
[    0.041082] Freeing SMP alternatives memory: 36K
[    0.151097] smpboot: CPU0: Intel(R) Core(TM) i5-9500 CPU @ 3.00GHz (family: 0x6, model: 0x9e, stepping: 0xa)
[    0.152000] Performance Events: unsupported p6 CPU model 158 no PMU driver, software events only.
[    0.152000] Hierarchical SRCU implementation.
[    0.152000] NMI watchdog: Perf event create on CPU 0 failed with -2
[    0.152011] NMI watchdog: Perf NMI watchdog permanently disabled
[    0.152732] smp: Bringing up secondary CPUs ...
[    0.153249] smp: Brought up 1 node, 1 CPU
[    0.153700] smpboot: Max logical packages: 1
[    0.154163] smpboot: Total of 1 processors activated (5999.99 BogoMIPS)
[    0.154936] devtmpfs: initialized
[    0.155395] x86/mm: Memory block size: 128MB
[    0.156078] evm: security.selinux
[    0.156470] evm: security.SMACK64
[    0.156845] evm: security.SMACK64EXEC
[    0.157260] evm: security.SMACK64TRANSMUTE
[    0.157709] evm: security.SMACK64MMAP
[    0.158131] evm: security.apparmor
[    0.158544] evm: security.ima
[    0.159009] evm: security.capability
[    0.159487] clocksource: jiffies: mask: 0xffffffff max_cycles: 0xffffffff, max_idle_ns: 7645041785100000 ns
[    0.160014] futex hash table entries: 256 (order: 2, 16384 bytes)
[    0.160857] pinctrl core: initialized pinctrl subsystem
[    0.161715] RTC time: 15:53:11, date: 08/08/22
[    0.164111] NET: Registered protocol family 16
[    0.164677] audit: initializing netlink subsys (disabled)
[    0.165427] cpuidle: using governor ladder
[    0.165933] cpuidle: using governor menu
[    0.166500] ACPI: bus type PCI registered
[    0.167004] acpiphp: ACPI Hot Plug PCI Controller Driver version: 0.5
[    0.168025] PCI: Using configuration type 1 for base access
[    0.168668] audit: type=2000 audit(1659973996.603:1): state=initialized audit_enabled=0 res=1
[    0.170382] HugeTLB registered 2.00 MiB page size, pre-allocated 0 pages
[    0.171284] ACPI: Added _OSI(Module Device)
[    0.171745] ACPI: Added _OSI(Processor Device)
[    0.172003] ACPI: Added _OSI(3.0 _SCP Extensions)
[    0.172495] ACPI: Added _OSI(Processor Aggregator Device)
[    0.173070] ACPI: Added _OSI(Linux-Dell-Video)
[    0.173593] ACPI: Added _OSI(Linux-Lenovo-NV-HDMI-Audio)
[    0.174175] ACPI: Added _OSI(Linux-HPI-Hybrid-Graphics)
[    0.175031] ACPI: Executed 1 blocks of module-level executable AML code
[    0.178108] ACPI: Interpreter enabled
[    0.178612] ACPI: (supports S0 S5)
[    0.178994] ACPI: Using IOAPIC for interrupt routing
[    0.179723] PCI: Using host bridge windows from ACPI; if necessary, use "pci=nocrs" and report a bug
[    0.180142] ACPI: Enabled 2 GPEs in block 00 to 07
[    0.185569] ACPI: PCI Root Bridge [PCI0] (domain 0000 [bus 00-ff])
[    0.186442] acpi PNP0A03:00: _OSC: OS supports [ASPM ClockPM Segments MSI]
[    0.187483] acpi PNP0A03:00: _OSC: not requesting OS control; OS requires [ExtendedConfig ASPM ClockPM MSI]
[    0.188010] acpi PNP0A03:00: fail to add MMCONFIG information, can't access extended PCI configuration space under this bridge.
[    0.189445] PCI host bridge to bus 0000:00
[    0.189944] pci_bus 0000:00: root bus resource [io  0x0000-0x0cf7 window]
[    0.190647] pci_bus 0000:00: root bus resource [io  0x0d00-0xffff window]
[    0.191338] pci_bus 0000:00: root bus resource [mem 0x000a0000-0x000bffff window]
[    0.192004] pci_bus 0000:00: root bus resource [mem 0x20000000-0xfdffffff window]
[    0.192928] pci_bus 0000:00: root bus resource [bus 00-ff]
[    0.196075] pci 0000:00:01.1: legacy IDE quirk: reg 0x10: [io  0x01f0-0x01f7]
[    0.196864] pci 0000:00:01.1: legacy IDE quirk: reg 0x14: [io  0x03f6]
[    0.197523] pci 0000:00:01.1: legacy IDE quirk: reg 0x18: [io  0x0170-0x0177]
[    0.198341] pci 0000:00:01.1: legacy IDE quirk: reg 0x1c: [io  0x0376]
[    0.205669] pci 0000:00:07.0: quirk: [io  0x4000-0x403f] claimed by PIIX4 ACPI
[    0.206695] pci 0000:00:07.0: quirk: [io  0x4100-0x410f] claimed by PIIX4 SMB
[    0.211618] ACPI: PCI Interrupt Link [LNKA] (IRQs 5 9 10 *11)
[    0.212242] ACPI: PCI Interrupt Link [LNKB] (IRQs 5 9 *10 11)
[    0.213060] ACPI: PCI Interrupt Link [LNKC] (IRQs 5 *9 10 11)
[    0.213819] ACPI: PCI Interrupt Link [LNKD] (IRQs 5 9 10 *11)
[    0.214729] SCSI subsystem initialized
[    0.215256] pci 0000:00:02.0: vgaarb: setting as boot VGA device
[    0.215941] pci 0000:00:02.0: vgaarb: VGA device added: decodes=io+mem,owns=io+mem,locks=none
[    0.216006] pci 0000:00:02.0: vgaarb: bridge control possible
[    0.216715] vgaarb: loaded
[    0.217155] ACPI: bus type USB registered
[    0.217772] usbcore: registered new interface driver usbfs
[    0.218503] usbcore: registered new interface driver hub
[    0.220019] usbcore: registered new device driver usb
[    0.220658] EDAC MC: Ver: 3.0.0
[    0.221271] PCI: Using ACPI for IRQ routing
[    0.222069] NetLabel: Initializing
[    0.222543] NetLabel:  domain hash size = 128
[    0.223132] NetLabel:  protocols = UNLABELED CIPSOv4 CALIPSO
[    0.224018] NetLabel:  unlabeled traffic allowed by default
[    0.224755] clocksource: Switched to clocksource kvm-clock
[    0.233945] VFS: Disk quotas dquot_6.6.0
[    0.234514] VFS: Dquot-cache hash table entries: 512 (order 0, 4096 bytes)
[    0.235358] AppArmor: AppArmor Filesystem Enabled
[    0.235897] pnp: PnP ACPI init
[    0.236944] pnp: PnP ACPI: found 3 devices
[    0.242583] clocksource: acpi_pm: mask: 0xffffff max_cycles: 0xffffff, max_idle_ns: 2085701024 ns
[    0.243848] NET: Registered protocol family 2
[    0.244521] IP idents hash table entries: 8192 (order: 4, 65536 bytes)
[    0.245528] TCP established hash table entries: 4096 (order: 3, 32768 bytes)
[    0.246260] TCP bind hash table entries: 4096 (order: 4, 65536 bytes)
[    0.246934] TCP: Hash tables configured (established 4096 bind 4096)
[    0.247630] UDP hash table entries: 256 (order: 1, 8192 bytes)
[    0.248292] UDP-Lite hash table entries: 256 (order: 1, 8192 bytes)
[    0.248976] NET: Registered protocol family 1
[    0.249487] pci 0000:00:00.0: Limiting direct PCI/PCI transfers
[    0.250160] pci 0000:00:01.0: Activating ISA DMA hang workarounds
[    0.250875] pci 0000:00:02.0: Video device with shadowed ROM at [mem 0x000c0000-0x000dffff]
[    0.251882] Unpacking initramfs...
[    0.469571] Freeing initrd memory: 19532K
[    0.470444] clocksource: tsc: mask: 0xffffffffffffffff max_cycles: 0x2b3e43c8763, max_idle_ns: 440795360101 ns
[    0.471746] platform rtc_cmos: registered platform RTC device (no PNP device found)
[    0.472674] Scanning for low memory corruption every 60 seconds
[    0.473682] Initialise system trusted keyrings
[    0.474194] Key type blacklist registered
[    0.474654] workingset: timestamp_bits=36 max_order=17 bucket_order=0
[    0.475930] zbud: loaded
[    0.476652] squashfs: version 4.0 (2009/01/31) Phillip Lougher
[    0.477399] fuse init (API version 7.26)
[    0.478359] Key type asymmetric registered
[    0.478859] Asymmetric key parser 'x509' registered
[    0.479401] Block layer SCSI generic (bsg) driver version 0.4 loaded (major 246)
[    0.480243] io scheduler noop registered
[    0.480721] io scheduler deadline registered
[    0.481206] io scheduler cfq registered (default)
[    0.481880] ACPI: AC Adapter [AC] (on-line)
[    0.482381] input: Power Button as /devices/LNXSYSTM:00/LNXPWRBN:00/input/input0
[    0.483194] ACPI: Power Button [PWRF]
[    0.483682] input: Sleep Button as /devices/LNXSYSTM:00/LNXSLPBN:00/input/input1
[    0.485249] ACPI: Sleep Button [SLPF]
[    0.485924] Serial: 8250/16550 driver, 32 ports, IRQ sharing enabled
[    0.507197] 00:02: ttyS0 at I/O 0x3f8 (irq = 4, base_baud = 115200) is a 16550A
[    0.509003] Linux agpgart interface v0.103
[    0.510157] loop: module loaded
[    0.510944] scsi host0: ata_piix
[    0.511368] scsi host1: ata_piix
[    0.511744] ata1: PATA max UDMA/33 cmd 0x1f0 ctl 0x3f6 bmdma 0xd000 irq 14
[    0.512497] ata2: PATA max UDMA/33 cmd 0x170 ctl 0x376 bmdma 0xd008 irq 15
[    0.513421] tun: Universal TUN/TAP device driver, 1.6
[    0.514004] PPP generic driver version 2.4.2
[    0.514510] ehci_hcd: USB 2.0 'Enhanced' Host Controller (EHCI) Driver
[    0.515183] ehci-pci: EHCI PCI platform driver
[    0.515727] ehci-platform: EHCI generic platform driver
[    0.516460] ohci_hcd: USB 1.1 'Open' Host Controller (OHCI) Driver
[    0.517189] ohci-pci: OHCI PCI platform driver
[    0.517732] ohci-platform: OHCI generic platform driver
[    0.518407] uhci_hcd: USB Universal Host Controller Interface driver
[    0.519245] i8042: PNP: PS/2 Controller [PNP0303:PS2K,PNP0f03:PS2M] at 0x60,0x64 irq 1,12
[    0.520826] serio: i8042 KBD port at 0x60,0x64 irq 1
[    0.521378] serio: i8042 AUX port at 0x60,0x64 irq 12
[    0.521960] mousedev: PS/2 mouse device common for all mice
[    0.522736] input: AT Translated Set 2 keyboard as /devices/platform/i8042/serio0/input/input2
[    0.523910] rtc_cmos rtc_cmos: rtc core: registered rtc_cmos as rtc0
[    0.524633] rtc_cmos rtc_cmos: alarms up to one day, 114 bytes nvram
[    0.525375] i2c /dev entries driver
[    0.525844] device-mapper: uevent: version 1.0.3
[    0.526406] device-mapper: ioctl: 4.37.0-ioctl (2017-09-20) initialised: dm-devel@redhat.com
[    0.527330] ledtrig-cpu: registered to indicate activity on CPUs
[    0.528047] intel_pmc_core:  initialized
[    0.528648] NET: Registered protocol family 10
[    0.531289] Segment Routing with IPv6
[    0.531787] NET: Registered protocol family 17
[    0.532325] Key type dns_resolver registered
[    0.532859] mce: Using 0 MCE banks
[    0.533270] RAS: Correctable Errors collector initialized.
[    0.533993] sched_clock: Marking stable (532289563, 0)->(654394855, -122105292)
[    0.535073] registered taskstats version 1
[    0.535684] Loading compiled-in X.509 certificates
[    0.537816] Loaded X.509 cert 'Build time autogenerated kernel key: 9c4811ffd453f4b0c13447eb15d717d926dfaff5'
[    0.539308] Loaded X.509 cert 'Canonical Ltd. Live Patch Signing: 14df34d1a87cf37625abec039ef2bf521249b969'
[    0.540819] Loaded X.509 cert 'Canonical Ltd. Kernel Module Signing: 88f752e560a1e0737e31163a466ad7b70a850c19'
[    0.541986] blacklist: Loading compiled-in revocation X.509 certificates
[    0.542698] Loaded X.509 cert 'Canonical Ltd. Secure Boot Signing: 61482aa2830d0ab2ad5af10b7250da9033ddcef0'
[    0.543738] zswap: loaded using pool lzo/zbud
[    0.546167] Key type big_key registered
[    0.546619] Key type trusted registered
[    0.547936] Key type encrypted registered
[    0.548502] AppArmor: AppArmor sha1 policy hashing enabled
[    0.549113] ima: No TPM chip found, activating TPM-bypass! (rc=-19)
[    0.549869] ima: Allocated hash algorithm: sha1
[    0.550414] evm: HMAC attrs: 0x1
[    0.551614]   Magic number: 2:543:891
[    0.552247] event_source msr: hash matches
[    0.552827] rtc_cmos rtc_cmos: setting system clock to 2022-08-08 15:53:12 UTC (1659973992)
[    0.553793] BIOS EDD facility v0.16 2004-Jun-25, 0 devices found
[    0.554442] EDD information not available.
[    0.696595] Freeing unused kernel image memory: 2468K
[    0.704125] Write protecting the kernel read-only data: 20480k
[    0.705391] Freeing unused kernel image memory: 2008K
[    0.706501] Freeing unused kernel image memory: 1820K
[    0.712241] x86/mm: Checked W+X mappings: passed, no W+X pages found.
[    0.713095] x86/mm: Checking user space page tables
[    0.718551] x86/mm: Checked W+X mappings: passed, no W+X pages found.
Loading, please wait...
starting version 237
[    0.793758] e1000: Intel(R) PRO/1000 Network Driver - version 7.3.21-k8-NAPI
[    0.794762] e1000: Copyright (c) 1999-2006 Intel Corporation.
[    0.804538] Fusion MPT base driver 3.04.20
[    0.805228] Copyright (c) 1999-2008 LSI Corporation
[    0.807833] Fusion MPT SPI Host driver 3.04.20
[    0.827407] AVX2 version of gcm_enc/dec engaged.
[    0.828208] AES CTR mode by8 optimization enabled
[    1.015690] input: ImExPS/2 Generic Explorer Mouse as /devices/platform/i8042/serio1/input/input4
[    1.175003] e1000 0000:00:03.0 eth0: (PCI:33MHz:32-bit) 02:d7:28:fc:8d:bd
[    1.175804] e1000 0000:00:03.0 eth0: Intel(R) PRO/1000 Network Connection
[    1.177100] mptbase: ioc0: Initiating bringup
[    1.272305] ioc0: LSI53C1030 A0: Capabilities={Initiator}
[    1.513363] scsi host2: ioc0: LSI53C1030 A0, FwRev=00000000h, Ports=1, MaxQ=256, IRQ=20
[    1.680471] scsi 2:0:0:0: Direct-Access     VBOX     HARDDISK         1.0  PQ: 0 ANSI: 5
[    1.681628] scsi target2:0:0: Beginning Domain Validation
[    1.685098] random: fast init done
[    1.685647] scsi target2:0:0: Domain Validation skipping write tests
[    1.686474] scsi target2:0:0: Ending Domain Validation
[    1.687224] scsi target2:0:0: asynchronous
[    1.687960] scsi 2:0:1:0: Direct-Access     VBOX     HARDDISK         1.0  PQ: 0 ANSI: 5
[    1.689051] scsi target2:0:1: Beginning Domain Validation
[    1.690202] scsi target2:0:1: Domain Validation skipping write tests
[    1.691011] scsi target2:0:1: Ending Domain Validation
[    1.691587] scsi target2:0:1: asynchronous
[    1.694112] random: systemd-udevd: uninitialized urandom read (16 bytes read)
[    1.695332] random: systemd-udevd: uninitialized urandom read (16 bytes read)
[    1.697342] random: systemd-udevd: uninitialized urandom read (16 bytes read)
[    1.699495] sd 2:0:0:0: Attached scsi generic sg0 type 0
[    1.700934] sd 2:0:0:0: [sda] 83886080 512-byte logical blocks: (42.9 GB/40.0 GiB)
[    1.702030] sd 2:0:0:0: [sda] Write Protect is off
[    1.702764] sd 2:0:0:0: [sda] Incomplete mode parameter data
[    1.703581] sd 2:0:0:0: [sda] Assuming drive cache: write through
[    1.704595] sd 2:0:1:0: [sdb] 20480 512-byte logical blocks: (10.5 MB/10.0 MiB)
[    1.705405] sd 2:0:1:0: [sdb] Write Protect is off
[    1.706117] sd 2:0:1:0: [sdb] Incomplete mode parameter data
[    1.706852] sd 2:0:1:0: [sdb] Assuming drive cache: write through
[    1.707572] sd 2:0:1:0: Attached scsi generic sg1 type 0
[    1.710432]  sda: sda1
[    1.711347] sd 2:0:0:0: [sda] Attached SCSI disk
[    1.712097] sd 2:0:1:0: [sdb] Attached SCSI disk
[    2.042891] e1000 0000:00:08.0 eth1: (PCI:33MHz:32-bit) 08:00:27:f2:20:02
[    2.043699] e1000 0000:00:08.0 eth1: Intel(R) PRO/1000 Network Connection
[    2.045307] e1000 0000:00:08.0 enp0s8: renamed from eth1
[    2.047328] e1000 0000:00:03.0 enp0s3: renamed from eth0
Begin: Loading essential drivers ... [    3.374782] raid6: sse2x1   gen() 13358 MB/s
[    3.430897] raid6: sse2x1   xor() 12064 MB/s
[    3.494165] raid6: sse2x2   gen() 18245 MB/s
[    3.557422] raid6: sse2x2   xor() 12761 MB/s
[    3.620647] raid6: sse2x4   gen() 21237 MB/s
[    3.684894] raid6: sse2x4   xor() 12640 MB/s
[    3.749464] raid6: avx2x1   gen() 30347 MB/s
[    3.813996] raid6: avx2x1   xor() 22185 MB/s
[    3.879293] raid6: avx2x2   gen() 35635 MB/s
[    3.943283] raid6: avx2x2   xor() 23701 MB/s
[    4.008468] raid6: avx2x4   gen() 42441 MB/s
[    4.071569] raid6: avx2x4   xor() 23028 MB/s
[    4.072281] raid6: using algorithm avx2x4 gen() 42441 MB/s
[    4.072870] raid6: .... xor() 23028 MB/s, rmw enabled
[    4.073393] raid6: using avx2x2 recovery algorithm
[    4.075366] xor: automatically using best checksumming function   avx       
[    4.077559] async_tx: api initialized (async)
done.
Begin: Running /scripts/init-premount ... done.
Begin: Mounting root file system ... Begin: Running /scripts/local-top ... done.
Begin: Running /scripts/local-premount ... [    4.119972] Btrfs loaded, crc32c=crc32c-intel
Scanning for Btrfs filesystems
done.
Warning: fsck not present, so skipping root file system
[    4.145106] EXT4-fs (sda1): mounted filesystem with ordered data mode. Opts: (null)
done.
Begin: Running /scripts/local-bottom ... done.
Begin: Running /scripts/init-bottom ... done.
[    4.293967] ip_tables: (C) 2000-2006 Netfilter Core Team
[    4.301901] systemd[1]: systemd 237 running in system mode. (+PAM +AUDIT +SELINUX +IMA +APPARMOR +SMACK +SYSVINIT +UTMP +LIBCRYPTSETUP +GCRYPT +GNUTLS +ACL +XZ +LZ4 +SECCOMP +BLKID +ELFUTILS +KMOD -IDN2 +IDN -PCRE2 default-hierarchy=hybrid)
[    4.304328] systemd[1]: Detected virtualization oracle.
[    4.305077] systemd[1]: Detected architecture x86-64.

Welcome to [1mUbuntu 18.04.6 LTS[0m!

[    4.308015] systemd[1]: Set hostname to <ubuntu>.
[    4.310731] systemd[1]: Initializing machine ID from random generator.
[    4.311552] systemd[1]: Installed transient /etc/machine-id file.
[    4.547031] systemd[1]: Reached target User and Group Name Lookups.
[[0;32m  OK  [0m] Reached target User and Group Name Lookups.
[    4.560337] systemd[1]: Set up automount Arbitrary Executable File Formats File System Automount Point.
[[0;32m  OK  [0m] Set up automount Arbitrary Executab…rmats File System Automount Point.
[    4.562372] systemd[1]: Started Forward Password Requests to Wall Directory Watch.
[[0;32m  OK  [0m] Started Forward Password Requests to Wall Directory Watch.
[    4.564397] systemd[1]: Created slice User and Session Slice.
[[0;32m  OK  [0m] Created slice User and Session Slice.
[[0;32m  OK  [0m] Created slice System Slice.
[[0;32m  OK  [0m] Listening on Journal Socket (/dev/log).
[[0;32m  OK  [0m] Listening on Journal Socket.
         Starting Create list of required st…ce nodes for the current kernel...
[[0;32m  OK  [0m] Listening on fsck to fsckd communication Socket.
         Mounting Huge Pages File System...
[[0;32m  OK  [0m] Listening on Network Service Netlink Socket.
[[0;32m  OK  [0m] Listening on udev Kernel Socket.
         Starting Set the console keyboard layout...
         Starting Load Kernel Modules...
[[0;32m  OK  [0m] Listening on /dev/initctl Compatibility Named Pipe.
[[0;32m  OK  [0m] Listening on Device-mapper event daemon FIFOs.
         Starting File System Check on Root Device...
[[0;32m  OK  [0m] Reached target Slices.
[[0;32m  OK  [0m] Created slice system-serial\x2dgetty.slice.
[[0;32m  OK  [0m] Listening on udev Control Socket.
         Starting udev Coldplug all Devices...
[[0;32m  OK  [0m] Listening on LVM2 poll daemon socket.
         Starting Uncomplicated firewall...
[[0;32m  OK  [0m] Reached target Swap.
         Mounting Kernel Debug File System...
         Mounting POSIX Message Queue File System...
[[0;32m  OK  [0m] Listening on Syslog Socket.
[[0;32m  OK  [0m] Reached target System Time Synchronized.
[[0;32m  OK  [0m] Listening on LVM2 metadata daemon socket.
         Starting Monitoring of LVM2 mirrors…ng dmeventd or progress polling...
[    4.620340] Loading iSCSI transport class v2.0-870.
[[0;32m  OK  [0m] Listening on Journal Audit Socket.
         Starting Journal Service...
[[0;32m  OK  [0m] Started Create list of required sta…vice nodes for the current kernel.
[[0;32m  OK  [0m] Mounted Huge Pages File System.
[[0;32m  OK  [0m] Mounted Kernel Debug File System.
[[0;32m  OK  [0m] Mounted POSIX Message Queue File System.
[    4.629332] iscsi: registered transport (tcp)
         Starting Create Static Device Nodes in /dev...
[    4.644946] iscsi: registered transport (iser)
[[0;32m  OK  [0m] Started Load Kernel Modules.
         Mounting FUSE Control File System...
         Mounting Kernel Configuration File System...
         Starting Apply Kernel Variables...
[[0;32m  OK  [0m] Mounted Kernel Configuration File System.
[[0;32m  OK  [0m] Mounted FUSE Control File System.
[[0;32m  OK  [0m] Started File System Check Daemon to report status.
[[0;32m  OK  [0m] Started Uncomplicated firewall.
[[0;32m  OK  [0m] Started LVM2 metadata daemon.
[[0;32m  OK  [0m] Started udev Coldplug all Devices.
[[0;32m  OK  [0m] Started Create Static Device Nodes in /dev.
[[0;32m  OK  [0m] Started Journal Service.
[[0;32m  OK  [0m] Started Apply Kernel Variables.
[[0;32m  OK  [0m] Started File System Check on Root Device.
         Starting Remount Root and Kernel File Systems...
[[0;32m  OK  [0m] Started Monitoring of LVM2 mirrors,…sing dmeventd or progress polling.
[[0;32m  OK  [0m] Started Remount Root and Kernel File Systems.
         Starting Flush Journal to Persistent Storage...
         Starting Load/Save Random Seed...
         Starting udev Kernel Device Manager...
[[0;32m  OK  [0m] Started Load/Save Random Seed.
[[0;32m  OK  [0m] Started udev Kernel Device Manager.
[[0;32m  OK  [0m] Started Flush Journal to Persistent Storage.
[[0;32m  OK  [0m] Found device /dev/ttyS0.
[[0;32m  OK  [0m] Listening on Load/Save RF Kill Switch Status /dev/rfkill Watch.
[[0;32m  OK  [0m] Started Set the console keyboard layout.
[[0;32m  OK  [0m] Started Dispatch Password Requests to Console Directory Watch.
[[0;32m  OK  [0m] Reached target Local Encrypted Volumes.
[[0;32m  OK  [0m] Reached target Local File Systems (Pre).
[[0;32m  OK  [0m] Reached target Local File Systems.
         Starting ebtables ruleset management...
         Starting Create Volatile Files and Directories...
         Starting AppArmor initialization...
         Starting Commit a transient machine-id on disk...
         Starting Tell Plymouth To Write Out Runtime Data...
         Starting Set console font and keymap...
[[0;32m  OK  [0m] Started Tell Plymouth To Write Out Runtime Data.
[[0;32m  OK  [0m] Started Commit a transient machine-id on disk.
[[0;32m  OK  [0m] Started Create Volatile Files and Directories.
         Starting Update UTMP about System Boot/Shutdown...
[[0;32m  OK  [0m] Started Update UTMP about System Boot/Shutdown.
[[0;32m  OK  [0m] Started ebtables ruleset management.
[[0;32m  OK  [0m] Started AppArmor initialization.
         Starting Load AppArmor profiles managed internally by snapd...
         Starting Initial cloud-init job (pre-networking)...
[[0;32m  OK  [0m] Started Load AppArmor profiles managed internally by snapd.
[[0;32m  OK  [0m] Started Set console font and keymap.
[    8.605692] cloud-init[685]: Cloud-init v. 22.2-0ubuntu1~18.04.3 running 'init-local' at Mon, 08 Aug 2022 15:53:20 +0000. Up 8.37 seconds.
[[0;32m  OK  [0m] Started Initial cloud-init job (pre-networking).
[[0;32m  OK  [0m] Reached target Network (Pre).
         Starting Network Service...
[[0;32m  OK  [0m] Started Network Service.
         Starting Network Name Resolution...
         Starting Wait for Network to be Configured...
[[0;32m  OK  [0m] Started Network Name Resolution.
[[0;32m  OK  [0m] Reached target Network.
[[0;32m  OK  [0m] Reached target Host and Network Name Lookups.
[[0;32m  OK  [0m] Started Wait for Network to be Configured.
         Starting Initial cloud-init job (metadata service crawler)...
[   10.605495] cloud-init[942]: Cloud-init v. 22.2-0ubuntu1~18.04.3 running 'init' at Mon, 08 Aug 2022 15:53:22 +0000. Up 10.49 seconds.
[   10.616386] cloud-init[942]: ci-info: ++++++++++++++++++++++++++++++++++++++Net device info+++++++++++++++++++++++++++++++++++++++
[   10.617316] cloud-init[942]: ci-info: +--------+-------+----------------------------+---------------+--------+-------------------+
[   10.617981] cloud-init[942]: ci-info: | Device |   Up  |          Address           |      Mask     | Scope  |     Hw-Address    |
[   10.618595] cloud-init[942]: ci-info: +--------+-------+----------------------------+---------------+--------+-------------------+
[   10.619361] cloud-init[942]: ci-info: | enp0s3 |  True |         10.0.2.15          | 255.255.255.0 | global | 02:d7:28:fc:8d:bd |
[   10.620181] cloud-init[942]: ci-info: | enp0s3 |  True | fe80::d7:28ff:fefc:8dbd/64 |       .       |  link  | 02:d7:28:fc:8d:bd |
[   10.621573] cloud-init[942]: ci-info: | enp0s8 | False |             .              |       .       |   .    | 08:00:27:f2:20:02 |
[   10.632483] cloud-init[942]: ci-info: |   lo   |  True |         127.0.0.1          |   255.0.0.0   |  host  |         .         |
[   10.633451] cloud-init[942]: ci-info: |   lo   |  True |          ::1/128           |       .       |  host  |         .         |
[   10.644173] cloud-init[942]: ci-info: +--------+-------+----------------------------+---------------+--------+-------------------+
[   10.644897] cloud-init[942]: ci-info: ++++++++++++++++++++++++++++Route IPv4 info+++++++++++++++++++++++++++++
[   10.645673] cloud-init[942]: ci-info: +-------+-------------+----------+-----------------+-----------+-------+
[   10.646405] cloud-init[942]: ci-info: | Route | Destination | Gateway  |     Genmask     | Interface | Flags |
[   10.647145] cloud-init[942]: ci-info: +-------+-------------+----------+-----------------+-----------+-------+
[   10.653500] cloud-init[942]: ci-info: |   0   |   0.0.0.0   | 10.0.2.2 |     0.0.0.0     |   enp0s3  |   UG  |
[   10.654456] cloud-init[942]: ci-info: |   1   |   10.0.2.0  | 0.0.0.0  |  255.255.255.0  |   enp0s3  |   U   |
[   10.655222] cloud-init[942]: ci-info: |   2   |   10.0.2.2  | 0.0.0.0  | 255.255.255.255 |   enp0s3  |   UH  |
[   10.656370] cloud-init[942]: ci-info: +-------+-------------+----------+-----------------+-----------+-------+
[   10.658049] cloud-init[942]: ci-info: +++++++++++++++++++Route IPv6 info+++++++++++++++++++
[   10.660205] cloud-init[942]: ci-info: +-------+-------------+---------+-----------+-------+
[   10.662871] cloud-init[942]: ci-info: | Route | Destination | Gateway | Interface | Flags |
[   10.663553] cloud-init[942]: ci-info: +-------+-------------+---------+-----------+-------+
[   10.664140] cloud-init[942]: ci-info: |   1   |  fe80::/64  |    ::   |   enp0s3  |   U   |
[   10.664826] cloud-init[942]: ci-info: |   3   |    local    |    ::   |   enp0s3  |   U   |
[   10.666838] cloud-init[942]: ci-info: |   4   |   ff00::/8  |    ::   |   enp0s3  |   U   |
[   10.667400] cloud-init[942]: ci-info: +-------+-------------+---------+-----------+-------+
[   11.221304] cloud-init[942]: Generating public/private rsa key pair.
[   11.221894] cloud-init[942]: Your identification has been saved in /etc/ssh/ssh_host_rsa_key.
[   11.222590] cloud-init[942]: Your public key has been saved in /etc/ssh/ssh_host_rsa_key.pub.
[   11.223296] cloud-init[942]: The key fingerprint is:
[   11.223765] cloud-init[942]: SHA256:8wt+pOAoT6+yc5yN++vSKKNF3yRFcBmHAqyzxN/q2Tw root@ubuntu-bionic
[   11.228203] cloud-init[942]: The key's randomart image is:
[   11.228596] cloud-init[942]: +---[RSA 2048]----+
[   11.229143] cloud-init[942]: | .....++.        |
[   11.229581] cloud-init[942]: |  . .oo.         |
[   11.230188] cloud-init[942]: |..   ..          |
[   11.230635] cloud-init[942]: |oo   .           |
[   11.231073] cloud-init[942]: |.oo o . S        |
[   11.231525] cloud-init[942]: |.. o =.  o.      |
[   11.239762] cloud-init[942]: |  ..+O...o.      |
[   11.240096] cloud-init[942]: | .*o%E+.....     |
[   11.240565] cloud-init[942]: |..o%+O*....      |
[   11.241070] cloud-init[942]: +----[SHA256]-----+
[   11.241514] cloud-init[942]: Generating public/private dsa key pair.
[   11.242053] cloud-init[942]: Your identification has been saved in /etc/ssh/ssh_host_dsa_key.
[   11.242734] cloud-init[942]: Your public key has been saved in /etc/ssh/ssh_host_dsa_key.pub.
[   11.244084] cloud-init[942]: The key fingerprint is:
[   11.244555] cloud-init[942]: SHA256:jBx3062qFoSKAD+pT5buurXd1YWUi1jq1xPGhwY03Ls root@ubuntu-bionic
[   11.251352] cloud-init[942]: The key's randomart image is:
[   11.251834] cloud-init[942]: +---[DSA 1024]----+
[   11.252429] cloud-init[942]: |       .o.       |
[   11.252882] cloud-init[942]: |.      ....o .   |
[   11.253333] cloud-init[942]: |.. .  ..+ =.. .  |
[   11.253788] cloud-init[942]: |. +  ..O.*.= .   |
[   11.254217] cloud-init[942]: | o + .=.S O.+    |
[   11.254641] cloud-init[942]: |. = ..  .=E=     |
[   11.256137] cloud-init[942]: | =.   . o.=      |
[   11.256587] cloud-init[942]: | .oo . o.. .     |
[   11.260157] cloud-init[942]: |o+o . ...        |
[   11.260545] cloud-init[942]: +----[SHA256]-----+
[   11.260920] cloud-init[942]: Generating public/private ecdsa key pair.
[   11.261486] cloud-init[942]: Your identification has been saved in /etc/ssh/ssh_host_ecdsa_key.
[   11.262183] cloud-init[942]: Your public key has been saved in /etc/ssh/ssh_host_ecdsa_key.pub.
[   11.262863] cloud-init[942]: The key fingerprint is:
[   11.263303] cloud-init[942]: SHA256:yY1eUxwAjfkQuPTHisVak0QPLC01GM7DAWfP+OThMJw root@ubuntu-bionic
[   11.268963] cloud-init[942]: The key's randomart image is:
[[0;32m  OK  [0m] Started Initial cloud-init job (metadata service crawler).
[[0;32m  OK  [0m] Reached target Network is Online.
[   11.287620] cloud-init[942]: +---[ECDSA 256]---+
[   11.289021] [[0;32m  OK  [0m] Reached target Remote File Systems (Pre).
[[0;32m  OK  [0m] Reached target Remote File Systems.
cloud-init[942]: |    ..=OB*...    |
[   11.290946] cloud-init[942]: |     B**B+.. .   |
[   11.291398] cloud-init[942]: |     .EB==. o    |
         Starting Availability of block devices...[   11.292487] cloud-init[942]: |      .XB=+.     |
[   11.292784] cloud-init[942]: |       =S++      |
[   11.293195] cloud-init[942]: |      o... .     |
[   11.293617] cloud-init[942]: |        .        |
[   11.294032] cloud-init[942]: |                 |
[   11.294449] cloud-init[942]: |                 |
[   11.294864] cloud-init[942]: +----[SHA256]-----+
[   11.295282] cloud-init[942]: Generating public/private ed25519 key pair.
[   11.295810] cloud-init[942]: 
[[0;32m  OK  [0m] Reached target Cloud-config availability.
[[0;32m  OK  [0m] Reached target System Initialization.
[[0;32m  OK  [0m] Started Discard unused blocks once a week.
[[0;32m  OK  [0m] Started Daily Cleanup of Temporary Directories.
[[0;32m  OK  [0m] Listening on D-Bus System Message Bus Socket.
[[0;32m  OK  [0m] Listening on Open-iSCSI iscsid Socket.
[[0;32m  OK  [0m] Started ACPI Events Check.
         Starting LXD - unix socket.
[[0;32m  OK  [0m] Listening on ACPID Listen Socket.
         Starting Socket activation for snappy daemon.
[[0;32m  OK  [0m] Started Message of the Day.
[[0;32m  OK  [0m] Reached target Paths.
[[0;32m  OK  [0m] Listening on UUID daemon activation socket.
[[0;32m  OK  [0m] Listening on cloud-init hotplug hook socket.
[[0;32m  OK  [0m] Started Daily apt download activities.
[[0;32m  OK  [0m] Started Daily apt upgrade and clean activities.
[Your identification has been saved in /etc/ssh/ssh_host_ed25519_key.
[   11.314040] cloud-init[942]: Your public key has been saved in /etc/ssh/ssh_host_ed25519_key.pub.
[   11.314751] cloud-init[942]: The key fingerprint is:
[   11.315209] cloud-init[942]: SHA256:KSoYX/N/ypBr2JvAHzkU0ljWDctT0DI10BDApDiUIsc root@ubuntu-bionic
[   11.315904] cloud-init[0;32m  OK  [0m] Started Ubuntu Advantage Timer for running repeated jobs.
[[0;32m  OK  [0m] Reached target Timers.
[[0;32m  OK  [0m] Started Availability of block devices.
[[0;32m  OK  [0m] Listening on LXD - unix socket.
[[0;32m  OK  [0m] Listening on Socket activation for snappy daemon.
[[0;32m  OK  [0m] Reached target Sockets.
[[0;32m  OK  [0m] Reached target Basic System.
[942]: The key's randomart image is:
[   11.323437]          Starting Dispatcher daemon for systemd-networkd...
cloud-init[942]: +--[ED25519 256]--+
[   11.326386] cloud-init[942]: | ... o=o*@+      |
         Starting Virtualbox guest utils...
[   11.328941] cloud-init[942]: |o.E. *..+o+.     |
         Starting LSB: Record successful boot for GRUB...
[   11.331506] cloud-init[942]: |.oo + o +o       |
[[   11.342457] cloud-init[942]: |   . . . o       |
[0;32m  OK  [0m] Started D-Bus System Message Bus.
[   11.350106] cloud-init[942]: |.   o o S        |
[   11.351228] cloud-init[942]: | + o = +         |
[   11.353312] cloud-init[942]: |. o +oB          |
[   11.353882] cloud-init[942]: |   ..ooO  .      |
[   11.354398] cloud-init[942]: |     .=.+o       |
[   11.356312] cloud-init[942]: +----[SHA256]-----+
         Starting Pollinate to seed the pseudo random number generator...
[[0;32m  OK  [0m] Started FUSE filesystem for LXC.
[[0;32m  OK  [0m] Started Regular background program processing daemon.
         Starting Permit User Sessions...
         Starting Login Service...
[[0;32m  OK  [0m] Started Deferred execution scheduler.
         Starting LXD - container startup/shutdown...
         Starting Accounts Service...
         Starting System Logging Service...
[[0;32m  OK  [0m] Started irqbalance daemon.
         Starting Snap Daemon...
         Starting LSB: automatic crash report generation...
[[0;32m  OK  [0m] Started Permit User Sessions.
[[0;32m  OK  [0m] Started Login Service.
[[0;32m  OK  [0m] Started Unattended Upgrades Shutdown.
         Starting Hold until boot process finishes up...
         Starting Terminate Plymouth Boot Screen...
[[0;32m  OK  [0m] Started Hold until boot process finishes up.
         Starting Set console scheme...
[[0;32m  OK  [0m] Started Serial Getty on ttyS0.
[[0;32m  OK  [0m] Started Terminate Plymouth Boot Screen.
[[0;32m  OK  [0m] Started System Logging Service.
[[0;32m  OK  [0m] Started Set console scheme.
[[0;32m  OK  [0m] Created slice system-getty.slice.
[[0;32m  OK  [0m] Started Getty on tty1.
[[0;32m  OK  [0m] Reached target Login Prompts.
         Starting Authorization Manager...
[[0;32m  OK  [0m] Started LSB: automatic crash report generation.
[[0;32m  OK  [0m] Started LSB: Record successful boot for GRUB.
[[0;32m  OK  [0m] Started Authorization Manager.
[[0;32m  OK  [0m] Started Accounts Service.
[[0;32m  OK  [0m] Started Virtualbox guest utils.
[[0;32m  OK  [0m] Started LXD - container startup/shutdown.
[[0;32m  OK  [0m] Started Dispatcher daemon for systemd-networkd.
[[0;32m  OK  [0m] Started Snap Daemon.
         Starting Wait until snapd is fully seeded...
         Starting Time & Date Service...
[[0;32m  OK  [0m] Started Time & Date Service.
[[0;32m  OK  [0m] Started Pollinate to seed the pseudo random number generator.
         Starting OpenBSD Secure Shell server...
[[0;32m  OK  [0m] Started OpenBSD Secure Shell server.
[[0;32m  OK  [0m] Created slice User Slice of vagrant.
         Starting User Manager for UID 1000...
[[0;32m  OK  [0m] Started Session 1 of user vagrant.
[[0;32m  OK  [0m] Started User Manager for UID 1000.
[[0;32m  OK  [0m] Started Wait until snapd is fully seeded.
         Starting Apply the settings specified in cloud-config...
[   15.917264] cloud-init[1435]: Cloud-init v. 22.2-0ubuntu1~18.04.3 running 'modules:config' at Mon, 08 Aug 2022 15:53:27 +0000. Up 15.52 seconds.
[[0;32m  OK  [0m] Started Apply the settings specified in cloud-config.
[[0;32m  OK  [0m] Reached target Multi-User System.
[[0;32m  OK  [0m] Reached target Graphical Interface.
         Starting Update UTMP about System Runlevel Changes...
         Starting Execute cloud user/final scripts...
[[0;32m  OK  [0m] Started Update UTMP about System Runlevel Changes.
ci-info: no authorized SSH keys fingerprints found for user ubuntu.
<14>Aug  8 15:53:28 cloud-init: #############################################################
<14>Aug  8 15:53:28 cloud-init: -----BEGIN SSH HOST KEY FINGERPRINTS-----
<14>Aug  8 15:53:28 cloud-init: 1024 SHA256:jBx3062qFoSKAD+pT5buurXd1YWUi1jq1xPGhwY03Ls root@ubuntu-bionic (DSA)
<14>Aug  8 15:53:28 cloud-init: 256 SHA256:yY1eUxwAjfkQuPTHisVak0QPLC01GM7DAWfP+OThMJw root@ubuntu-bionic (ECDSA)
<14>Aug  8 15:53:28 cloud-init: 256 SHA256:KSoYX/N/ypBr2JvAHzkU0ljWDctT0DI10BDApDiUIsc root@ubuntu-bionic (ED25519)
<14>Aug  8 15:53:28 cloud-init: 2048 SHA256:8wt+pOAoT6+yc5yN++vSKKNF3yRFcBmHAqyzxN/q2Tw root@ubuntu-bionic (RSA)
<14>Aug  8 15:53:28 cloud-init: -----END SSH HOST KEY FINGERPRINTS-----
<14>Aug  8 15:53:28 cloud-init: #############################################################
-----BEGIN SSH HOST KEY KEYS-----
ecdsa-sha2-nistp256 AAAAE2VjZHNhLXNoYTItbmlzdHAyNTYAAAAIbmlzdHAyNTYAAABBBCSxL09NKqeyAwbJ418br4NK7oAaLs0xmio/biQ6o9TvELV1hUhE4B45Hb490dtEukAYG4rskTF4CP9KhHUfOzc= root@ubuntu-bionic
ssh-ed25519 AAAAC3NzaC1lZDI1NTE5AAAAIDOpHhOqdt6/HLso80t1nByz0u1b4SMcdc1KNUuTpvBq root@ubuntu-bionic
ssh-rsa AAAAB3NzaC1yc2EAAAADAQABAAABAQDDxpn4GSfZTjT3tsrVv+T+HAVtdahJHIY+t5/X7OLZXjc12XjByETdLq5SgsJI2Bki6NQku64snJEQXck1GofYYzhLxXup8nWhQFbZJ6u+D0U7W8hUFDbbry5QxqdYJFCyciA6EqDPTRuQHzADo6INbFcauhmmbDsS2AEf4VSHCr8pMdWJeAxhPeys+tjWT9/xIUIj/aXFNHZqeuhBQhqAzUsZ/OcTBcqx+7ElRSF1YK9e3df10QR/jcP7XTswkY7XLnBzjfGjDDBkmsUJeup3xarnCQu4mtWk7sRzpB47QTGl4Z/5yw/w5t9ZS2JjgcIEaWmdzAhgPpK6Z2qeXOjB root@ubuntu-bionic
-----END SSH HOST KEY KEYS-----
[   16.685402] cloud-init[1530]: Cloud-init v. 22.2-0ubuntu1~18.04.3 running 'modules:final' at Mon, 08 Aug 2022 15:53:28 +0000. Up 16.44 seconds.
[   16.686671] cloud-init[1530]: Cloud-init v. 22.2-0ubuntu1~18.04.3 finished at Mon, 08 Aug 2022 15:53:28 +0000. Datasource DataSourceNoCloud [seed=/dev/sdb][dsmode=net].  Up 16.67 seconds

Ubuntu 18.04.6 LTS ubuntu-bionic ttyS0

ubuntu-bionic login: 